{"C:\\BAITAP\\Testing\\Tuan0405TH_WhiteBox CICD\\swagstore\\controllers\\authController.js": {"path":"C:\\BAITAP\\Testing\\Tuan0405TH_WhiteBox CICD\\swagstore\\controllers\\authController.js","statementMap":{"0":{"start":{"line":1,"column":23},"end":{"line":6,"column":1}},"1":{"start":{"line":3,"column":8},"end":{"line":3,"column":59}},"2":{"start":{"line":3,"column":45},"end":{"line":3,"column":59}},"3":{"start":{"line":4,"column":8},"end":{"line":4,"column":39}},"4":{"start":{"line":7,"column":0},"end":{"line":7,"column":49}}},"fnMap":{"0":{"name":"(anonymous_0)","decl":{"start":{"line":2,"column":18},"end":{"line":2,"column":19}},"loc":{"start":{"line":2,"column":38},"end":{"line":5,"column":5}},"line":2}},"branchMap":{"0":{"loc":{"start":{"line":3,"column":8},"end":{"line":3,"column":59}},"type":"if","locations":[{"start":{"line":3,"column":8},"end":{"line":3,"column":59}},{"start":{},"end":{}}],"line":3},"1":{"loc":{"start":{"line":3,"column":12},"end":{"line":3,"column":43}},"type":"binary-expr","locations":[{"start":{"line":3,"column":12},"end":{"line":3,"column":23}},{"start":{"line":3,"column":27},"end":{"line":3,"column":43}}],"line":3}},"s":{"0":1,"1":2,"2":1,"3":1,"4":1},"f":{"0":2},"b":{"0":[1,1],"1":[2,2]},"_coverageSchema":"1a1c01bbd47fc00a2c39e90264f33305004495a9","hash":"457b86ce06af1a3b4dbb62842571bb8738776a4f"}
,"C:\\BAITAP\\Testing\\Tuan0405TH_WhiteBox CICD\\swagstore\\models\\Account.js": {"path":"C:\\BAITAP\\Testing\\Tuan0405TH_WhiteBox CICD\\swagstore\\models\\Account.js","statementMap":{"0":{"start":{"line":1,"column":11},"end":{"line":1,"column":24}},"1":{"start":{"line":2,"column":13},"end":{"line":2,"column":28}},"2":{"start":{"line":3,"column":17},"end":{"line":3,"column":68}},"3":{"start":{"line":5,"column":16},"end":{"line":20,"column":1}},"4":{"start":{"line":6,"column":18},"end":{"line":6,"column":63}},"5":{"start":{"line":8,"column":25},"end":{"line":8,"column":41}},"6":{"start":{"line":9,"column":8},"end":{"line":9,"column":100}},"7":{"start":{"line":9,"column":31},"end":{"line":9,"column":52}},"8":{"start":{"line":9,"column":55},"end":{"line":9,"column":100}},"9":{"start":{"line":10,"column":8},"end":{"line":10,"column":52}},"10":{"start":{"line":11,"column":8},"end":{"line":11,"column":27}},"11":{"start":{"line":12,"column":8},"end":{"line":12,"column":61}},"12":{"start":{"line":13,"column":8},"end":{"line":13,"column":19}},"13":{"start":{"line":15,"column":28},"end":{"line":15,"column":73}},"14":{"start":{"line":15,"column":55},"end":{"line":15,"column":72}},"15":{"start":{"line":17,"column":20},"end":{"line":17,"column":46}},"16":{"start":{"line":18,"column":8},"end":{"line":18,"column":63}},"17":{"start":{"line":21,"column":0},"end":{"line":21,"column":25}}},"fnMap":{"0":{"name":"(anonymous_0)","decl":{"start":{"line":6,"column":12},"end":{"line":6,"column":13}},"loc":{"start":{"line":6,"column":18},"end":{"line":6,"column":63}},"line":6},"1":{"name":"(anonymous_1)","decl":{"start":{"line":7,"column":9},"end":{"line":7,"column":10}},"loc":{"start":{"line":7,"column":18},"end":{"line":14,"column":5}},"line":7},"2":{"name":"(anonymous_2)","decl":{"start":{"line":9,"column":26},"end":{"line":9,"column":27}},"loc":{"start":{"line":9,"column":31},"end":{"line":9,"column":52}},"line":9},"3":{"name":"(anonymous_3)","decl":{"start":{"line":15,"column":17},"end":{"line":15,"column":18}},"loc":{"start":{"line":15,"column":28},"end":{"line":15,"column":73}},"line":15},"4":{"name":"(anonymous_4)","decl":{"start":{"line":15,"column":50},"end":{"line":15,"column":51}},"loc":{"start":{"line":15,"column":55},"end":{"line":15,"column":72}},"line":15},"5":{"name":"(anonymous_5)","decl":{"start":{"line":16,"column":18},"end":{"line":16,"column":19}},"loc":{"start":{"line":16,"column":39},"end":{"line":19,"column":5}},"line":16}},"branchMap":{"0":{"loc":{"start":{"line":9,"column":8},"end":{"line":9,"column":100}},"type":"if","locations":[{"start":{"line":9,"column":8},"end":{"line":9,"column":100}},{"start":{},"end":{}}],"line":9},"1":{"loc":{"start":{"line":18,"column":15},"end":{"line":18,"column":62}},"type":"cond-expr","locations":[{"start":{"line":18,"column":52},"end":{"line":18,"column":55}},{"start":{"line":18,"column":58},"end":{"line":18,"column":62}}],"line":18},"2":{"loc":{"start":{"line":18,"column":16},"end":{"line":18,"column":48}},"type":"binary-expr","locations":[{"start":{"line":18,"column":16},"end":{"line":18,"column":19}},{"start":{"line":18,"column":23},"end":{"line":18,"column":48}}],"line":18}},"s":{"0":1,"1":1,"2":1,"3":1,"4":6,"5":4,"6":4,"7":1,"8":1,"9":3,"10":3,"11":3,"12":3,"13":2,"14":2,"15":2,"16":2,"17":1},"f":{"0":6,"1":4,"2":1,"3":2,"4":2,"5":2},"b":{"0":[1,3],"1":[1,1],"2":[2,2]},"_coverageSchema":"1a1c01bbd47fc00a2c39e90264f33305004495a9","hash":"21180deb8185b46e0b10b8eb1467d31c7216c1ed"}
,"C:\\BAITAP\\Testing\\Tuan0405TH_WhiteBox CICD\\swagstore\\models\\Cart.js": {"path":"C:\\BAITAP\\Testing\\Tuan0405TH_WhiteBox CICD\\swagstore\\models\\Cart.js","statementMap":{"0":{"start":{"line":4,"column":8},"end":{"line":4,"column":24}},"1":{"start":{"line":5,"column":8},"end":{"line":5,"column":23}},"2":{"start":{"line":6,"column":8},"end":{"line":6,"column":26}},"3":{"start":{"line":7,"column":8},"end":{"line":7,"column":21}},"4":{"start":{"line":8,"column":8},"end":{"line":8,"column":23}},"5":{"start":{"line":11,"column":8},"end":{"line":11,"column":42}},"6":{"start":{"line":12,"column":8},"end":{"line":12,"column":26}},"7":{"start":{"line":13,"column":8},"end":{"line":13,"column":45}},"8":{"start":{"line":14,"column":8},"end":{"line":14,"column":40}},"9":{"start":{"line":15,"column":8},"end":{"line":15,"column":46}},"10":{"start":{"line":18,"column":0},"end":{"line":18,"column":22}}},"fnMap":{"0":{"name":"(anonymous_0)","decl":{"start":{"line":3,"column":4},"end":{"line":3,"column":5}},"loc":{"start":{"line":3,"column":18},"end":{"line":9,"column":5}},"line":3},"1":{"name":"(anonymous_1)","decl":{"start":{"line":10,"column":4},"end":{"line":10,"column":5}},"loc":{"start":{"line":10,"column":22},"end":{"line":16,"column":5}},"line":10}},"branchMap":{},"s":{"0":2,"1":2,"2":2,"3":2,"4":2,"5":2,"6":2,"7":2,"8":2,"9":2,"10":1},"f":{"0":2,"1":2},"b":{},"_coverageSchema":"1a1c01bbd47fc00a2c39e90264f33305004495a9","hash":"376c497864a59190d89ea815c5de87a1890f1057"}
,"C:\\BAITAP\\Testing\\Tuan0405TH_WhiteBox CICD\\swagstore\\models\\Category.js": {"path":"C:\\BAITAP\\Testing\\Tuan0405TH_WhiteBox CICD\\swagstore\\models\\Category.js","statementMap":{},"fnMap":{},"branchMap":{},"s":{},"f":{},"b":{},"_coverageSchema":"1a1c01bbd47fc00a2c39e90264f33305004495a9","hash":"c45737cf124318cfa6aa070ae9fafb050a8f3995"}
,"C:\\BAITAP\\Testing\\Tuan0405TH_WhiteBox CICD\\swagstore\\models\\Order.js": {"path":"C:\\BAITAP\\Testing\\Tuan0405TH_WhiteBox CICD\\swagstore\\models\\Order.js","statementMap":{"0":{"start":{"line":1,"column":11},"end":{"line":1,"column":24}},"1":{"start":{"line":2,"column":13},"end":{"line":2,"column":28}},"2":{"start":{"line":3,"column":17},"end":{"line":3,"column":60}},"3":{"start":{"line":5,"column":14},"end":{"line":14,"column":1}},"4":{"start":{"line":6,"column":18},"end":{"line":6,"column":63}},"5":{"start":{"line":8,"column":23},"end":{"line":8,"column":37}},"6":{"start":{"line":9,"column":8},"end":{"line":9,"column":27}},"7":{"start":{"line":10,"column":8},"end":{"line":10,"column":59}},"8":{"start":{"line":11,"column":8},"end":{"line":11,"column":21}},"9":{"start":{"line":13,"column":29},"end":{"line":13,"column":76}},"10":{"start":{"line":13,"column":56},"end":{"line":13,"column":75}},"11":{"start":{"line":15,"column":0},"end":{"line":15,"column":23}}},"fnMap":{"0":{"name":"(anonymous_0)","decl":{"start":{"line":6,"column":12},"end":{"line":6,"column":13}},"loc":{"start":{"line":6,"column":18},"end":{"line":6,"column":63}},"line":6},"1":{"name":"(anonymous_1)","decl":{"start":{"line":7,"column":9},"end":{"line":7,"column":10}},"loc":{"start":{"line":7,"column":20},"end":{"line":12,"column":5}},"line":7},"2":{"name":"(anonymous_2)","decl":{"start":{"line":13,"column":17},"end":{"line":13,"column":18}},"loc":{"start":{"line":13,"column":29},"end":{"line":13,"column":76}},"line":13},"3":{"name":"(anonymous_3)","decl":{"start":{"line":13,"column":51},"end":{"line":13,"column":52}},"loc":{"start":{"line":13,"column":56},"end":{"line":13,"column":75}},"line":13}},"branchMap":{},"s":{"0":1,"1":1,"2":1,"3":1,"4":2,"5":2,"6":0,"7":0,"8":0,"9":0,"10":0,"11":1},"f":{"0":2,"1":2,"2":0,"3":0},"b":{},"_coverageSchema":"1a1c01bbd47fc00a2c39e90264f33305004495a9","hash":"d29f5dcbe0e2e2bad614dbe54b89773f2df005ee"}
,"C:\\BAITAP\\Testing\\Tuan0405TH_WhiteBox CICD\\swagstore\\models\\Product.js": {"path":"C:\\BAITAP\\Testing\\Tuan0405TH_WhiteBox CICD\\swagstore\\models\\Product.js","statementMap":{},"fnMap":{},"branchMap":{},"s":{},"f":{},"b":{},"_coverageSchema":"1a1c01bbd47fc00a2c39e90264f33305004495a9","hash":"8f41e17cab1266e413b736fde4cd2d0434edb956"}
}
