TN:
SF:controllers\authController.js
FN:2,(anonymous_0)
FNF:1
FNH:1
FNDA:2,(anonymous_0)
DA:1,1
DA:3,2
DA:4,1
DA:7,1
LF:4
LH:4
BRDA:3,0,0,1
BRDA:3,0,1,1
BRDA:3,1,0,2
BRDA:3,1,1,2
BRF:4
BRH:4
end_of_record
TN:
SF:models\Account.js
FN:6,(anonymous_0)
FN:7,(anonymous_1)
FN:9,(anonymous_2)
FN:15,(anonymous_3)
FN:15,(anonymous_4)
FN:16,(anonymous_5)
FNF:6
FNH:6
FNDA:6,(anonymous_0)
FNDA:4,(anonymous_1)
FNDA:1,(anonymous_2)
FNDA:2,(anonymous_3)
FNDA:2,(anonymous_4)
FNDA:2,(anonymous_5)
DA:1,1
DA:2,1
DA:3,1
DA:5,1
DA:6,6
DA:8,4
DA:9,4
DA:10,3
DA:11,3
DA:12,3
DA:13,3
DA:15,2
DA:17,2
DA:18,2
DA:21,1
LF:15
LH:15
BRDA:9,0,0,1
BRDA:9,0,1,3
BRDA:18,1,0,1
BRDA:18,1,1,1
BRDA:18,2,0,2
BRDA:18,2,1,2
BRF:6
BRH:6
end_of_record
TN:
SF:models\Cart.js
FN:3,(anonymous_0)
FN:10,(anonymous_1)
FNF:2
FNH:2
FNDA:2,(anonymous_0)
FNDA:2,(anonymous_1)
DA:4,2
DA:5,2
DA:6,2
DA:7,2
DA:8,2
DA:11,2
DA:12,2
DA:13,2
DA:14,2
DA:15,2
DA:18,1
LF:11
LH:11
BRF:0
BRH:0
end_of_record
TN:
SF:models\Category.js
FNF:0
FNH:0
LF:0
LH:0
BRF:0
BRH:0
end_of_record
TN:
SF:models\Order.js
FN:6,(anonymous_0)
FN:7,(anonymous_1)
FN:13,(anonymous_2)
FN:13,(anonymous_3)
FNF:4
FNH:2
FNDA:2,(anonymous_0)
FNDA:2,(anonymous_1)
FNDA:0,(anonymous_2)
FNDA:0,(anonymous_3)
DA:1,1
DA:2,1
DA:3,1
DA:5,1
DA:6,2
DA:8,2
DA:9,0
DA:10,0
DA:11,0
DA:13,0
DA:15,1
LF:11
LH:7
BRF:0
BRH:0
end_of_record
TN:
SF:models\Product.js
FNF:0
FNH:0
LF:0
LH:0
BRF:0
BRH:0
end_of_record
